
================================================================================
2026-06-24 23:36:46 starting Money Manager
project_dir=C:\Users\g7fie\OneDrive\Desktop\money-manager
data_home=C:\Users\g7fie\OneDrive\Desktop\money-manager\MoneyManagerData
command=C:\Users\g7fie\OneDrive\Desktop\money-manager\.venv\Scripts\python.exe C:\Users\g7fie\OneDrive\Desktop\money-manager\run_money_manager.py --host 127.0.0.1 --port 5000 --no-browser
Money Manager is starting on http://127.0.0.1:5000
Press Ctrl+C in this window to stop it.

================================================================================
2026-06-25 00:17:28 starting Money Manager
project_dir=C:\Repos\money-manager
data_home=C:\Repos\money-manager\MoneyManagerData
command=C:\Repos\money-manager\.venv\Scripts\python.exe C:\Repos\money-manager\run_money_manager.py --host 127.0.0.1 --port 5000 --no-browser
Money Manager is starting on http://127.0.0.1:5000
Press Ctrl+C in this window to stop it.

================================================================================
2026-06-25 00:24:32 starting Money Manager
project_dir=C:\Repos\money-manager
data_home=C:\Repos\money-manager\MoneyManagerData
command=C:\Repos\money-manager\.venv\Scripts\python.exe C:\Repos\money-manager\run_money_manager.py --host 127.0.0.1 --port 5000 --no-browser
Money Manager is starting on http://127.0.0.1:5000
Press Ctrl+C in this window to stop it.

================================================================================
2026-06-25 00:35:36 starting Money Manager
project_dir=C:\Repos\money-manager
data_home=C:\Repos\money-manager\MoneyManagerData
command=C:\Repos\money-manager\.venv\Scripts\python.exe C:\Repos\money-manager\run_money_manager.py --host 127.0.0.1 --port 5000 --no-browser
Money Manager is starting on http://127.0.0.1:5000
Press Ctrl+C in this window to stop it.

================================================================================
2026-06-25 00:41:42 starting Money Manager
project_dir=C:\Repos\money-manager
data_home=C:\Repos\money-manager\MoneyManagerData
command=C:\Repos\money-manager\.venv\Scripts\python.exe C:\Repos\money-manager\run_money_manager.py --host 127.0.0.1 --port 5000 --no-browser
Money Manager is starting on http://127.0.0.1:5000
Press Ctrl+C in this window to stop it.

================================================================================
2026-06-25 00:52:20 starting Money Manager
project_dir=C:\Repos\money-manager
data_home=C:\Repos\money-manager\MoneyManagerData
command=C:\Repos\money-manager\.venv\Scripts\python.exe C:\Repos\money-manager\run_money_manager.py --host 127.0.0.1 --port 5000 --no-browser
Money Manager is starting on http://127.0.0.1:5000
Press Ctrl+C in this window to stop it.

================================================================================
2026-06-25 00:52:58 starting Money Manager
project_dir=C:\Repos\money-manager
data_home=C:\Repos\money-manager\MoneyManagerData
command=C:\Repos\money-manager\.venv\Scripts\python.exe C:\Repos\money-manager\run_money_manager.py --host 127.0.0.1 --port 5000 --no-browser
Money Manager is starting on http://127.0.0.1:5000
Press Ctrl+C in this window to stop it.

================================================================================
2026-06-25 01:11:53 starting Money Manager
project_dir=C:\Repos\money-manager
data_home=C:\Repos\money-manager\MoneyManagerData
command=C:\Repos\money-manager\.venv\Scripts\python.exe C:\Repos\money-manager\run_money_manager.py --host 127.0.0.1 --port 5000 --no-browser
Money Manager is starting on http://127.0.0.1:5000
Press Ctrl+C in this window to stop it.
WARNING:money_manager.app:Slow request 136931.7 ms GET /accounts?

================================================================================
2026-06-25 01:14:46 starting Money Manager
project_dir=C:\Repos\money-manager
data_home=C:\Repos\money-manager\MoneyManagerData
command=C:\Repos\money-manager\.venv\Scripts\python.exe C:\Repos\money-manager\run_money_manager.py --host 127.0.0.1 --port 5000 --no-browser
Money Manager is starting on http://127.0.0.1:5000
Press Ctrl+C in this window to stop it.
WARNING:money_manager.app:Slow request 805.7 ms GET /security/unlock?next=/favicon.ico
WARNING:money_manager.app:Slow request 780.0 ms GET /security/unlock?next=/phone/api/summary
WARNING:money_manager.app:Slow request 140446.4 ms GET /accounts?
WARNING:money_manager.app:Slow request 66805.8 ms GET /accounts/main_bank?
WARNING:money_manager.app:Slow request 1850.3 ms GET /profile?
WARNING:money_manager.app:Slow request 31838.1 ms GET /profile?saved=preferences
WARNING:money_manager.app:Slow request 24173.7 ms GET /profile?saved=preferences

================================================================================
2026-06-26 11:16:57 starting Money Manager
project_dir=C:\Repos\money-manager
data_home=C:\Repos\money-manager\MoneyManagerData
command=C:\Repos\money-manager\.venv\Scripts\python.exe C:\Repos\money-manager\run_money_manager.py --host 127.0.0.1 --port 5000 --no-browser
Traceback (most recent call last):
  File "C:\Repos\money-manager\run_money_manager.py", line 111, in <module>
    raise SystemExit(main())
                     ^^^^^^
  File "C:\Repos\money-manager\run_money_manager.py", line 84, in main
    app = create_flask_app()
          ^^^^^^^^^^^^^^^^^^
  File "C:\Repos\money-manager\run_money_manager.py", line 41, in create_flask_app
    from money_manager.app import create_app
  File "C:\Repos\money-manager\money_manager\app.py", line 7, in <module>
    from money_manager.web.context import register_context_processors
  File "C:\Repos\money-manager\money_manager\web\context.py", line 8, in <module>
    from money_manager.services.notification_service import build_notification_context_cached
  File "C:\Repos\money-manager\money_manager\services\notification_service.py", line 11, in <module>
    from money_manager.services.debt_service import next_due_date_for_rule as next_debt_rule_due_date
  File "C:\Repos\money-manager\money_manager\services\debt_service.py", line 24, in <module>
    from money_manager.services.transaction_service import save_transaction_payload
  File "C:\Repos\money-manager\money_manager\services\transaction_service.py", line 7, in <module>
    import pandas as pd
  File "C:\Repos\money-manager\.venv\Lib\site-packages\pandas\__init__.py", line 46, in <module>
    from pandas._config import (
  File "C:\Repos\money-manager\.venv\Lib\site-packages\pandas\_config\__init__.py", line 19, in <module>
    from pandas._config import config
  File "C:\Repos\money-manager\.venv\Lib\site-packages\pandas\_config\config.py", line 63, in <module>
    from pandas._typing import F
  File "C:\Repos\money-manager\.venv\Lib\site-packages\pandas\_typing.py", line 200, in <module>
    | np.random.Generator
      ^^^^^^^^^
  File "C:\Repos\money-manager\.venv\Lib\site-packages\numpy\__init__.py", line 727, in __getattr__
    import numpy.random as random
  File "C:\Repos\money-manager\.venv\Lib\site-packages\numpy\random\__init__.py", line 180, in <module>
    from . import _bounded_integers, _common, _pickle
  File "C:\Repos\money-manager\.venv\Lib\site-packages\numpy\random\_pickle.py", line 2, in <module>
    from ._mt19937 import MT19937
ImportError: DLL load failed while importing _mt19937: An Application Control policy has blocked this file.

================================================================================
2026-06-26 11:17:57 starting Money Manager
project_dir=C:\Repos\money-manager
data_home=C:\Repos\money-manager\MoneyManagerData
command=C:\Repos\money-manager\.venv\Scripts\python.exe C:\Repos\money-manager\run_money_manager.py --host 127.0.0.1 --port 5000 --no-browser
Traceback (most recent call last):
  File "C:\Repos\money-manager\run_money_manager.py", line 111, in <module>
    raise SystemExit(main())
                     ^^^^^^
  File "C:\Repos\money-manager\run_money_manager.py", line 84, in main
    app = create_flask_app()
          ^^^^^^^^^^^^^^^^^^
  File "C:\Repos\money-manager\run_money_manager.py", line 41, in create_flask_app
    from money_manager.app import create_app
  File "C:\Repos\money-manager\money_manager\app.py", line 7, in <module>
    from money_manager.web.context import register_context_processors
  File "C:\Repos\money-manager\money_manager\web\context.py", line 8, in <module>
    from money_manager.services.notification_service import build_notification_context_cached
  File "C:\Repos\money-manager\money_manager\services\notification_service.py", line 11, in <module>
    from money_manager.services.debt_service import next_due_date_for_rule as next_debt_rule_due_date
  File "C:\Repos\money-manager\money_manager\services\debt_service.py", line 24, in <module>
    from money_manager.services.transaction_service import save_transaction_payload
  File "C:\Repos\money-manager\money_manager\services\transaction_service.py", line 7, in <module>
    import pandas as pd
  File "C:\Repos\money-manager\.venv\Lib\site-packages\pandas\__init__.py", line 46, in <module>
    from pandas._config import (
  File "C:\Repos\money-manager\.venv\Lib\site-packages\pandas\_config\__init__.py", line 19, in <module>
    from pandas._config import config
  File "C:\Repos\money-manager\.venv\Lib\site-packages\pandas\_config\config.py", line 63, in <module>
    from pandas._typing import F
  File "C:\Repos\money-manager\.venv\Lib\site-packages\pandas\_typing.py", line 200, in <module>
    | np.random.Generator
      ^^^^^^^^^
  File "C:\Repos\money-manager\.venv\Lib\site-packages\numpy\__init__.py", line 727, in __getattr__
    import numpy.random as random
  File "C:\Repos\money-manager\.venv\Lib\site-packages\numpy\random\__init__.py", line 180, in <module>
    from . import _bounded_integers, _common, _pickle
  File "C:\Repos\money-manager\.venv\Lib\site-packages\numpy\random\_pickle.py", line 2, in <module>
    from ._mt19937 import MT19937
ImportError: DLL load failed while importing _mt19937: An Application Control policy has blocked this file.

================================================================================
2026-06-26 11:34:51 starting Money Manager
project_dir=C:\Repos\money-manager
data_home=C:\Repos\money-manager\MoneyManagerData
command=C:\Repos\money-manager\.venv\Scripts\python.exe C:\Repos\money-manager\run_money_manager.py --host 127.0.0.1 --port 5000 --no-browser
Money Manager is starting on http://127.0.0.1:5000
Press Ctrl+C in this window to stop it.
WARNING:money_manager.app:Slow request 827.5 ms GET /security/unlock?next=/favicon.ico
WARNING:money_manager.app:Slow request 790.0 ms GET /security/unlock?next=/phone/api/summary
WARNING:money_manager.app:Slow request 139043.6 ms GET /accounts?
WARNING:money_manager.app:Slow request 14690.8 ms GET /add?type=expense
WARNING:money_manager.app:Slow request 13363.5 ms POST /add?type=expense
WARNING:money_manager.app:Slow request 113173.8 ms GET /accounts?

================================================================================
2026-06-26 11:47:59 starting Money Manager
project_dir=C:\Repos\money-manager
data_home=C:\Repos\money-manager\MoneyManagerData
command=C:\Repos\money-manager\.venv\Scripts\python.exe C:\Repos\money-manager\run_money_manager.py --host 127.0.0.1 --port 5000 --no-browser
Money Manager is starting on http://127.0.0.1:5000
Press Ctrl+C in this window to stop it.
WARNING:money_manager.app:Slow request 100011.6 ms GET /accounts?

================================================================================
2026-06-26 11:53:06 starting Money Manager
project_dir=C:\Repos\money-manager
data_home=C:\Repos\money-manager\MoneyManagerData
command=C:\Repos\money-manager\.venv\Scripts\python.exe C:\Repos\money-manager\run_money_manager.py --host 127.0.0.1 --port 5000 --no-browser
Money Manager is starting on http://127.0.0.1:5000
Press Ctrl+C in this window to stop it.
WARNING:money_manager.app:Slow request 94879.7 ms GET /accounts?
WARNING:money_manager.app:Slow request 15354.4 ms GET /discount-balances?message=Glovo+saved.
WARNING:money_manager.app:Slow request 10680.6 ms GET /add?type=expense
WARNING:money_manager.app:Slow request 16121.9 ms GET /transactions?account_id=main_bank
WARNING:money_manager.app:Slow request 10895.6 ms GET /add?type=expense
WARNING:money_manager.app:Slow request 15717.4 ms GET /transactions?account_id=main_bank
WARNING:money_manager.app:Slow request 78367.3 ms GET /accounts?
WARNING:money_manager.app:Slow request 36821.4 ms GET /accounts/cash_flow?
WARNING:money_manager.app:Slow request 10376.3 ms GET /add?type=income&account_id=cash_flow
WARNING:money_manager.app:Slow request 16130.4 ms GET /transactions?account_id=cash_flow
WARNING:money_manager.app:Slow request 35466.4 ms GET /accounts/cash_flow?
WARNING:money_manager.app:Slow request 62744.3 ms GET /accounts?

================================================================================
2026-06-26 12:13:25 starting Money Manager
project_dir=C:\Repos\money-manager
data_home=C:\Repos\money-manager\MoneyManagerData
command=C:\Repos\money-manager\.venv\Scripts\python.exe C:\Repos\money-manager\run_money_manager.py --host 127.0.0.1 --port 5000 --no-browser
Money Manager is starting on http://127.0.0.1:5000
Press Ctrl+C in this window to stop it.
WARNING:money_manager.app:Slow request 101255.9 ms GET /accounts?
WARNING:money_manager.app:Slow request 77538.0 ms GET /accounts?
WARNING:money_manager.app:Slow request 42149.3 ms GET /accounts/main_bank?
ERROR:money_manager.app:Exception on /transaction/301 [GET]
Traceback (most recent call last):
  File "C:\Repos\money-manager\.venv\Lib\site-packages\flask\app.py", line 1511, in wsgi_app
    response = self.full_dispatch_request()
               ^^^^^^^^^^^^^^^^^^^^^^^^^^^^
  File "C:\Repos\money-manager\.venv\Lib\site-packages\flask\app.py", line 919, in full_dispatch_request
    rv = self.handle_user_exception(e)
         ^^^^^^^^^^^^^^^^^^^^^^^^^^^^^
  File "C:\Repos\money-manager\.venv\Lib\site-packages\flask\app.py", line 917, in full_dispatch_request
    rv = self.dispatch_request()
         ^^^^^^^^^^^^^^^^^^^^^^^
  File "C:\Repos\money-manager\.venv\Lib\site-packages\flask\app.py", line 902, in dispatch_request
    return self.ensure_sync(self.view_functions[rule.endpoint])(**view_args)  # type: ignore[no-any-return]
           ^^^^^^^^^^^^^^^^^^^^^^^^^^^^^^^^^^^^^^^^^^^^^^^^^^^^^^^^^^^^^^^^^
  File "C:\Repos\money-manager\money_manager\web\routes\core\transactions.py", line 354, in transaction_detail
    return render_template(
           ^^^^^^^^^^^^^^^^
  File "C:\Repos\money-manager\.venv\Lib\site-packages\flask\templating.py", line 151, in render_template
    return _render(app, template, context)
           ^^^^^^^^^^^^^^^^^^^^^^^^^^^^^^^
  File "C:\Repos\money-manager\.venv\Lib\site-packages\flask\templating.py", line 132, in _render
    rv = template.render(context)
         ^^^^^^^^^^^^^^^^^^^^^^^^
  File "C:\Repos\money-manager\.venv\Lib\site-packages\jinja2\environment.py", line 1295, in render
    self.environment.handle_exception()
  File "C:\Repos\money-manager\.venv\Lib\site-packages\jinja2\environment.py", line 942, in handle_exception
    raise rewrite_traceback_stack(source=source)
  File "C:\Repos\money-manager\money_manager\web\templates\core\transaction_detail.html", line 1, in top-level template code
    {% extends "base.html" %}
  File "C:\Repos\money-manager\money_manager\web\templates\base.html", line 258, in top-level template code
    {% block content %}{% endblock %}
    ^^^^^^^^^^^^^^^^^^^^^^^^^
  File "C:\Repos\money-manager\money_manager\web\templates\core\transaction_detail.html", line 80, in block 'content'
    {% for item in receipt.items or [] %}
    ^^^^^^^^^^^^^^^^^^^^^^^^^
  File "C:\Repos\money-manager\.venv\Lib\site-packages\jinja2\runtime.py", line 424, in __init__
    self._iterator = self._to_iterator(iterable)
                     ^^^^^^^^^^^^^^^^^^^^^^^^^^^
  File "C:\Repos\money-manager\.venv\Lib\site-packages\jinja2\runtime.py", line 432, in _to_iterator
    return iter(iterable)
           ^^^^^^^^^^^^^^
TypeError: 'builtin_function_or_method' object is not iterable
WARNING:money_manager.app:Slow request 4254.5 ms GET /transaction/301?

================================================================================
2026-06-26 12:20:38 starting Money Manager
project_dir=C:\Repos\money-manager
data_home=C:\Repos\money-manager\MoneyManagerData
command=C:\Repos\money-manager\.venv\Scripts\python.exe C:\Repos\money-manager\run_money_manager.py --host 127.0.0.1 --port 5000 --no-browser
Money Manager is starting on http://127.0.0.1:5000
Press Ctrl+C in this window to stop it.
WARNING:money_manager.app:Slow request 100781.1 ms GET /accounts?
ERROR:money_manager.app:Exception on /bollette [GET]
Traceback (most recent call last):
  File "C:\Repos\money-manager\.venv\Lib\site-packages\flask\app.py", line 1511, in wsgi_app
    response = self.full_dispatch_request()
               ^^^^^^^^^^^^^^^^^^^^^^^^^^^^
  File "C:\Repos\money-manager\.venv\Lib\site-packages\flask\app.py", line 919, in full_dispatch_request
    rv = self.handle_user_exception(e)
         ^^^^^^^^^^^^^^^^^^^^^^^^^^^^^
  File "C:\Repos\money-manager\.venv\Lib\site-packages\flask\app.py", line 917, in full_dispatch_request
    rv = self.dispatch_request()
         ^^^^^^^^^^^^^^^^^^^^^^^
  File "C:\Repos\money-manager\.venv\Lib\site-packages\flask\app.py", line 902, in dispatch_request
    return self.ensure_sync(self.view_functions[rule.endpoint])(**view_args)  # type: ignore[no-any-return]
           ^^^^^^^^^^^^^^^^^^^^^^^^^^^^^^^^^^^^^^^^^^^^^^^^^^^^^^^^^^^^^^^^^
  File "C:\Repos\money-manager\money_manager\web\auth.py", line 104, in wrapped
    return view(*args, **kwargs)
           ^^^^^^^^^^^^^^^^^^^^^
  File "C:\Repos\money-manager\money_manager\web\routes\planning\managed_recurring.py", line 24, in bills_page
    return _managed_page(KIND_BILL)
           ^^^^^^^^^^^^^^^^^^^^^^^^
  File "C:\Repos\money-manager\money_manager\web\routes\planning\managed_recurring.py", line 61, in _managed_page
    **page_context(
      ^^^^^^^^^^^^^
  File "C:\Repos\money-manager\money_manager\services\managed_recurring_service.py", line 81, in page_context
    companies = [contact_view(contact, show_sensitive_data=True) for contact in list_contacts(include_archived=False) if contact.get("type") == "company"]
                                                                                ^^^^^^^^^^^^^^^^^^^^^^^^^^^^^^^^^^^^^
  File "C:\Repos\money-manager\money_manager\services\contact_service.py", line 55, in list_contacts
    contacts = load_contacts_config(user_id=user_id).get("contacts", [])
               ^^^^^^^^^^^^^^^^^^^^^^^^^^^^^^^^^^^^^
  File "C:\Repos\money-manager\money_manager\services\contact_service.py", line 41, in load_contacts_config
    normalized = _normalize_contacts_config(raw)
                 ^^^^^^^^^^^^^^^^^^^^^^^^^^^^^^^
  File "C:\Repos\money-manager\money_manager\services\contact_service.py", line 198, in _normalize_contacts_config
    item = _normalize_contact(contact)
           ^^^^^^^^^^^^^^^^^^^^^^^^^^^
  File "C:\Repos\money-manager\money_manager\services\contact_service.py", line 249, in _normalize_contact
    "vat_number": _clean_vat(data.get("vat_number") or data.get("partita_iva") or data.get("piva")),
                  ^^^^^^^^^^
NameError: name '_clean_vat' is not defined. Did you mean: '_clean_id'?
